<?xml version="1.0" encoding="UTF-8"?>
<!-- Generated by org.testng.reporters.JUnitReportReporter -->
<testsuite hostname="DESKTOP-90QJLDT" failures="0" tests="4" name="TestRunner.Run" time="11.197" errors="0" timestamp="2026-03-10T18:08:01 IST" skipped="0">
  <testcase classname="TestRunner.Run" name="runScenario" time="0.166"/>
  <testcase classname="TestRunner.Run" name="runScenario" time="3.503"/>
  <testcase classname="TestRunner.Run" name="runScenario" time="0.863"/>
  <testcase classname="TestRunner.Run" name="runScenario" time="6.665"/>
</testsuite> <!-- TestRunner.Run -->
